<?xml version="1.0" encoding="UTF-8"?>
<coverage generated="1773378682988" clover="3.2.0">
  <project timestamp="1773378682988" name="All files">
    <metrics statements="189" coveredstatements="171" conditionals="111" coveredconditionals="96" methods="39" coveredmethods="35" elements="339" coveredelements="302" complexity="0" loc="189" ncloc="189" packages="1" files="5" classes="5"/>
    <file name="generator.ts" path="/home/simon/dev/clawhq/src/config/generator.ts">
      <metrics statements="13" coveredstatements="0" conditionals="6" coveredconditionals="0" methods="2" coveredmethods="0"/>
      <line num="24" count="0" type="stmt"/>
      <line num="33" count="0" type="cond" truecount="0" falsecount="2"/>
      <line num="34" count="0" type="stmt"/>
      <line num="35" count="0" type="stmt"/>
      <line num="39" count="0" type="stmt"/>
      <line num="47" count="0" type="stmt"/>
      <line num="52" count="0" type="stmt"/>
      <line num="53" count="0" type="stmt"/>
      <line num="55" count="0" type="cond" truecount="0" falsecount="2"/>
      <line num="56" count="0" type="stmt"/>
      <line num="59" count="0" type="stmt"/>
      <line num="63" count="0" type="stmt"/>
      <line num="64" count="0" type="stmt"/>
    </file>
    <file name="index.ts" path="/home/simon/dev/clawhq/src/config/index.ts">
      <metrics statements="12" coveredstatements="11" conditionals="7" coveredconditionals="4" methods="3" coveredmethods="3"/>
      <line num="53" count="6" type="stmt"/>
      <line num="59" count="6" type="stmt"/>
      <line num="60" count="6" type="cond" truecount="1" falsecount="1"/>
      <line num="61" count="0" type="stmt"/>
      <line num="77" count="6" type="stmt"/>
      <line num="78" count="6" type="stmt"/>
      <line num="80" count="2" type="stmt"/>
      <line num="95" count="4" type="stmt"/>
      <line num="102" count="6" type="stmt"/>
      <line num="103" count="56" type="stmt"/>
      <line num="104" count="56" type="stmt"/>
      <line num="106" count="6" type="stmt"/>
    </file>
    <file name="loader.ts" path="/home/simon/dev/clawhq/src/config/loader.ts">
      <metrics statements="31" coveredstatements="29" conditionals="29" coveredconditionals="25" methods="6" coveredmethods="4"/>
      <line num="18" count="2" type="stmt"/>
      <line num="36" count="29" type="stmt"/>
      <line num="37" count="29" type="stmt"/>
      <line num="38" count="39" type="stmt"/>
      <line num="39" count="39" type="stmt"/>
      <line num="40" count="39" type="cond" truecount="2" falsecount="0"/>
      <line num="49" count="13" type="stmt"/>
      <line num="53" count="26" type="cond" truecount="2" falsecount="0"/>
      <line num="54" count="25" type="stmt"/>
      <line num="57" count="29" type="stmt"/>
      <line num="61" count="23" type="stmt"/>
      <line num="62" count="23" type="stmt"/>
      <line num="63" count="13" type="stmt"/>
      <line num="64" count="13" type="cond" truecount="2" falsecount="0"/>
      <line num="66" count="11" type="cond" truecount="5" falsecount="0"/>
      <line num="67" count="10" type="stmt"/>
      <line num="69" count="1" type="stmt"/>
      <line num="74" count="0" type="stmt"/>
      <line num="78" count="0" type="cond" truecount="0" falsecount="2"/>
      <line num="88" count="12" type="cond" truecount="1" falsecount="1"/>
      <line num="89" count="12" type="cond" truecount="1" falsecount="1"/>
      <line num="91" count="12" type="stmt"/>
      <line num="92" count="11" type="stmt"/>
      <line num="94" count="11" type="stmt"/>
      <line num="96" count="11" type="cond" truecount="2" falsecount="0"/>
      <line num="97" count="3" type="stmt"/>
      <line num="99" count="11" type="cond" truecount="2" falsecount="0"/>
      <line num="100" count="8" type="stmt"/>
      <line num="103" count="11" type="stmt"/>
      <line num="107" count="6" type="stmt"/>
      <line num="108" count="4" type="stmt"/>
    </file>
    <file name="schema.ts" path="/home/simon/dev/clawhq/src/config/schema.ts">
      <metrics statements="0" coveredstatements="0" conditionals="0" coveredconditionals="0" methods="0" coveredmethods="0"/>
    </file>
    <file name="validator.ts" path="/home/simon/dev/clawhq/src/config/validator.ts">
      <metrics statements="133" coveredstatements="131" conditionals="69" coveredconditionals="67" methods="28" coveredmethods="28"/>
      <line num="40" count="584" type="stmt"/>
      <line num="45" count="2" type="stmt"/>
      <line num="49" count="41" type="stmt"/>
      <line num="50" count="41" type="cond" truecount="2" falsecount="0"/>
      <line num="51" count="5" type="stmt"/>
      <line num="53" count="36" type="stmt"/>
      <line num="62" count="2" type="stmt"/>
      <line num="66" count="41" type="stmt"/>
      <line num="67" count="41" type="cond" truecount="4" falsecount="0"/>
      <line num="68" count="5" type="stmt"/>
      <line num="70" count="36" type="stmt"/>
      <line num="79" count="2" type="stmt"/>
      <line num="83" count="41" type="stmt"/>
      <line num="84" count="41" type="cond" truecount="4" falsecount="0"/>
      <line num="85" count="5" type="stmt"/>
      <line num="87" count="36" type="stmt"/>
      <line num="96" count="2" type="stmt"/>
      <line num="100" count="41" type="stmt"/>
      <line num="101" count="41" type="cond" truecount="2" falsecount="0"/>
      <line num="102" count="4" type="stmt"/>
      <line num="104" count="37" type="cond" truecount="2" falsecount="0"/>
      <line num="105" count="35" type="stmt"/>
      <line num="112" count="2" type="stmt"/>
      <line num="121" count="2" type="stmt"/>
      <line num="125" count="41" type="stmt"/>
      <line num="126" count="41" type="cond" truecount="2" falsecount="0"/>
      <line num="127" count="4" type="stmt"/>
      <line num="129" count="37" type="cond" truecount="2" falsecount="0"/>
      <line num="130" count="36" type="stmt"/>
      <line num="137" count="1" type="stmt"/>
      <line num="146" count="2" type="stmt"/>
      <line num="150" count="41" type="stmt"/>
      <line num="151" count="41" type="cond" truecount="2" falsecount="0"/>
      <line num="152" count="26" type="stmt"/>
      <line num="159" count="15" type="cond" truecount="2" falsecount="0"/>
      <line num="160" count="4" type="stmt"/>
      <line num="162" count="11" type="stmt"/>
      <line num="171" count="2" type="stmt"/>
      <line num="175" count="41" type="stmt"/>
      <line num="176" count="41" type="cond" truecount="2" falsecount="0"/>
      <line num="177" count="26" type="stmt"/>
      <line num="184" count="15" type="cond" truecount="2" falsecount="0"/>
      <line num="185" count="3" type="stmt"/>
      <line num="187" count="12" type="stmt"/>
      <line num="196" count="2" type="stmt"/>
      <line num="202" count="41" type="stmt"/>
      <line num="203" count="41" type="stmt"/>
      <line num="204" count="41" type="cond" truecount="2" falsecount="0"/>
      <line num="208" count="41" type="cond" truecount="3" falsecount="1"/>
      <line num="209" count="41" type="stmt"/>
      <line num="216" count="0" type="stmt"/>
      <line num="225" count="2" type="stmt"/>
      <line num="227" count="2" type="stmt"/>
      <line num="231" count="41" type="stmt"/>
      <line num="232" count="41" type="stmt"/>
      <line num="233" count="41" type="cond" truecount="1" falsecount="1"/>
      <line num="234" count="41" type="stmt"/>
      <line num="239" count="0" type="stmt"/>
      <line num="248" count="2" type="stmt"/>
      <line num="252" count="41" type="stmt"/>
      <line num="253" count="41" type="cond" truecount="2" falsecount="0"/>
      <line num="254" count="26" type="stmt"/>
      <line num="261" count="15" type="stmt"/>
      <line num="262" count="15" type="cond" truecount="2" falsecount="0"/>
      <line num="263" count="14" type="stmt"/>
      <line num="265" count="1" type="stmt"/>
      <line num="274" count="2" type="stmt"/>
      <line num="278" count="41" type="stmt"/>
      <line num="279" count="41" type="stmt"/>
      <line num="281" count="41" type="cond" truecount="2" falsecount="0"/>
      <line num="282" count="26" type="stmt"/>
      <line num="291" count="15" type="stmt"/>
      <line num="292" count="15" type="cond" truecount="4" falsecount="0"/>
      <line num="293" count="10" type="stmt"/>
      <line num="296" count="7" type="stmt"/>
      <line num="298" count="5" type="cond" truecount="2" falsecount="0"/>
      <line num="299" count="1" type="stmt"/>
      <line num="307" count="4" type="stmt"/>
      <line num="308" count="4" type="stmt"/>
      <line num="310" count="10" type="cond" truecount="2" falsecount="0"/>
      <line num="311" count="5" type="stmt"/>
      <line num="314" count="6" type="stmt"/>
      <line num="315" count="4" type="cond" truecount="2" falsecount="0"/>
      <line num="316" count="3" type="stmt"/>
      <line num="318" count="1" type="stmt"/>
      <line num="322" count="1" type="stmt"/>
      <line num="327" count="2" type="stmt"/>
      <line num="331" count="41" type="stmt"/>
      <line num="332" count="41" type="cond" truecount="2" falsecount="0"/>
      <line num="333" count="26" type="stmt"/>
      <line num="342" count="15" type="stmt"/>
      <line num="343" count="73" type="stmt"/>
      <line num="345" count="15" type="cond" truecount="2" falsecount="0"/>
      <line num="346" count="11" type="stmt"/>
      <line num="354" count="4" type="stmt"/>
      <line num="355" count="4" type="cond" truecount="2" falsecount="0"/>
      <line num="356" count="3" type="stmt"/>
      <line num="358" count="1" type="stmt"/>
      <line num="367" count="2" type="stmt"/>
      <line num="372" count="41" type="stmt"/>
      <line num="381" count="2" type="stmt"/>
      <line num="385" count="41" type="stmt"/>
      <line num="386" count="41" type="cond" truecount="2" falsecount="0"/>
      <line num="387" count="36" type="stmt"/>
      <line num="394" count="5" type="cond" truecount="2" falsecount="0"/>
      <line num="395" count="4" type="stmt"/>
      <line num="402" count="1" type="stmt"/>
      <line num="413" count="2" type="stmt"/>
      <line num="433" count="5" type="stmt"/>
      <line num="434" count="5" type="stmt"/>
      <line num="435" count="18" type="cond" truecount="2" falsecount="0"/>
      <line num="436" count="2" type="stmt"/>
      <line num="444" count="3" type="stmt"/>
      <line num="450" count="574" type="stmt"/>
      <line num="459" count="5" type="stmt"/>
      <line num="470" count="5" type="stmt"/>
      <line num="471" count="5" type="stmt"/>
      <line num="473" count="5" type="stmt"/>
      <line num="474" count="40" type="stmt"/>
      <line num="475" count="40" type="stmt"/>
      <line num="476" count="6" type="stmt"/>
      <line num="477" count="6" type="stmt"/>
      <line num="483" count="5" type="cond" truecount="2" falsecount="0"/>
      <line num="484" count="1" type="stmt"/>
      <line num="492" count="4" type="cond" truecount="2" falsecount="0"/>
      <line num="493" count="2" type="stmt"/>
      <line num="494" count="1" type="stmt"/>
      <line num="495" count="3" type="stmt"/>
      <line num="497" count="2" type="stmt"/>
      <line num="505" count="2" type="stmt"/>
      <line num="506" count="2" type="cond" truecount="2" falsecount="0"/>
      <line num="507" count="1" type="stmt"/>
      <line num="515" count="1" type="stmt"/>
    </file>
  </project>
</coverage>
