{"/home/simon/dev/clawhq/src/config/generator.ts": {"path":"/home/simon/dev/clawhq/src/config/generator.ts","statementMap":{"0":{"start":{"line":24,"column":27},"end":{"line":24,"column":29}},"1":{"start":{"line":33,"column":2},"end":{"line":35,"column":null}},"2":{"start":{"line":34,"column":4},"end":{"line":34,"column":null}},"3":{"start":{"line":35,"column":4},"end":{"line":35,"column":null}},"4":{"start":{"line":39,"column":41},"end":{"line":45,"column":null}},"5":{"start":{"line":47,"column":33},"end":{"line":50,"column":null}},"6":{"start":{"line":52,"column":8},"end":{"line":52,"column":34}},"7":{"start":{"line":53,"column":19},"end":{"line":53,"column":64}},"8":{"start":{"line":53,"column":44},"end":{"line":53,"column":64}},"9":{"start":{"line":55,"column":2},"end":{"line":59,"column":null}},"10":{"start":{"line":56,"column":4},"end":{"line":58,"column":null}},"11":{"start":{"line":59,"column":4},"end":{"line":59,"column":null}},"12":{"start":{"line":63,"column":2},"end":{"line":63,"column":null}},"13":{"start":{"line":64,"column":2},"end":{"line":64,"column":null}}},"fnMap":{"0":{"name":"generateBundle","decl":{"start":{"line":23,"column":22},"end":{"line":23,"column":37}},"loc":{"start":{"line":23,"column":88},"end":{"line":64,"column":null}},"line":23},"1":{"name":"(anonymous_1)","decl":{"start":{"line":53,"column":30},"end":{"line":53,"column":38}},"loc":{"start":{"line":53,"column":44},"end":{"line":53,"column":64}},"line":53}},"branchMap":{"0":{"loc":{"start":{"line":33,"column":2},"end":{"line":35,"column":null}},"type":"if","locations":[{"start":{"line":33,"column":2},"end":{"line":35,"column":null}},{"start":{},"end":{}}],"line":33},"1":{"loc":{"start":{"line":49,"column":18},"end":{"line":49,"column":null}},"type":"binary-expr","locations":[{"start":{"line":49,"column":18},"end":{"line":49,"column":57}},{"start":{"line":49,"column":57},"end":{"line":49,"column":null}}],"line":49},"2":{"loc":{"start":{"line":55,"column":2},"end":{"line":59,"column":null}},"type":"if","locations":[{"start":{"line":55,"column":2},"end":{"line":59,"column":null}},{"start":{},"end":{}}],"line":55}},"s":{"0":0,"1":0,"2":0,"3":0,"4":0,"5":0,"6":0,"7":0,"8":0,"9":0,"10":0,"11":0,"12":0,"13":0},"f":{"0":0,"1":0},"b":{"0":[0,0],"1":[0,0],"2":[0,0]},"meta":{"lastBranch":3,"lastFunction":2,"lastStatement":14,"seen":{"f:23:22:23:37":0,"s:24:27:24:29":0,"b:33:2:35:Infinity:undefined:undefined:undefined:undefined":0,"s:33:2:35:Infinity":1,"s:34:4:34:Infinity":2,"s:35:4:35:Infinity":3,"s:39:41:45:Infinity":4,"s:47:33:50:Infinity":5,"b:49:18:49:57:49:57:49:Infinity":1,"s:52:8:52:34":6,"s:53:19:53:64":7,"f:53:30:53:38":1,"s:53:44:53:64":8,"b:55:2:59:Infinity:undefined:undefined:undefined:undefined":2,"s:55:2:59:Infinity":9,"s:56:4:58:Infinity":10,"s:59:4:59:Infinity":11,"s:63:2:63:Infinity":12,"s:64:2:64:Infinity":13}}}
,"/home/simon/dev/clawhq/src/config/index.ts": {"path":"/home/simon/dev/clawhq/src/config/index.ts","statementMap":{"0":{"start":{"line":53,"column":17},"end":{"line":57,"column":4}},"1":{"start":{"line":59,"column":21},"end":{"line":59,"column":null}},"2":{"start":{"line":60,"column":2},"end":{"line":73,"column":null}},"3":{"start":{"line":61,"column":4},"end":{"line":73,"column":null}},"4":{"start":{"line":77,"column":2},"end":{"line":92,"column":null}},"5":{"start":{"line":78,"column":4},"end":{"line":78,"column":null}},"6":{"start":{"line":80,"column":4},"end":{"line":92,"column":null}},"7":{"start":{"line":95,"column":33},"end":{"line":100,"column":null}},"8":{"start":{"line":102,"column":8},"end":{"line":102,"column":31}},"9":{"start":{"line":103,"column":19},"end":{"line":103,"column":61}},"10":{"start":{"line":103,"column":41},"end":{"line":103,"column":61}},"11":{"start":{"line":104,"column":19},"end":{"line":104,"column":61}},"12":{"start":{"line":104,"column":41},"end":{"line":104,"column":61}},"13":{"start":{"line":106,"column":2},"end":{"line":111,"column":null}}},"fnMap":{"0":{"name":"loadAndValidate","decl":{"start":{"line":50,"column":22},"end":{"line":50,"column":null}},"loc":{"start":{"line":52,"column":34},"end":{"line":111,"column":null}},"line":52},"1":{"name":"(anonymous_1)","decl":{"start":{"line":103,"column":27},"end":{"line":103,"column":35}},"loc":{"start":{"line":103,"column":41},"end":{"line":103,"column":61}},"line":103},"2":{"name":"(anonymous_2)","decl":{"start":{"line":104,"column":27},"end":{"line":104,"column":35}},"loc":{"start":{"line":104,"column":41},"end":{"line":104,"column":61}},"line":104}},"branchMap":{"0":{"loc":{"start":{"line":51,"column":2},"end":{"line":51,"column":38}},"type":"default-arg","locations":[{"start":{"line":51,"column":36},"end":{"line":51,"column":38}}],"line":51},"1":{"loc":{"start":{"line":60,"column":2},"end":{"line":73,"column":null}},"type":"if","locations":[{"start":{"line":60,"column":2},"end":{"line":73,"column":null}},{"start":{},"end":{}}],"line":60},"2":{"loc":{"start":{"line":87,"column":52},"end":{"line":87,"column":100}},"type":"cond-expr","locations":[{"start":{"line":87,"column":75},"end":{"line":87,"column":89}},{"start":{"line":87,"column":89},"end":{"line":87,"column":100}}],"line":87},"3":{"loc":{"start":{"line":97,"column":18},"end":{"line":97,"column":null}},"type":"binary-expr","locations":[{"start":{"line":97,"column":18},"end":{"line":97,"column":43}},{"start":{"line":97,"column":43},"end":{"line":97,"column":null}}],"line":97}},"s":{"0":6,"1":6,"2":6,"3":0,"4":6,"5":6,"6":2,"7":4,"8":6,"9":6,"10":56,"11":6,"12":56,"13":6},"f":{"0":6,"1":56,"2":56},"b":{"0":[6],"1":[0,6],"2":[2,0],"3":[4,0]},"meta":{"lastBranch":4,"lastFunction":3,"lastStatement":14,"seen":{"f:50:22:50:Infinity":0,"b:51:36:51:38":0,"s:53:17:57:4":0,"s:59:21:59:Infinity":1,"b:60:2:73:Infinity:undefined:undefined:undefined:undefined":1,"s:60:2:73:Infinity":2,"s:61:4:73:Infinity":3,"s:77:2:92:Infinity":4,"s:78:4:78:Infinity":5,"s:80:4:92:Infinity":6,"b:87:75:87:89:87:89:87:100":2,"s:95:33:100:Infinity":7,"b:97:18:97:43:97:43:97:Infinity":3,"s:102:8:102:31":8,"s:103:19:103:61":9,"f:103:27:103:35":1,"s:103:41:103:61":10,"s:104:19:104:61":11,"f:104:27:104:35":2,"s:104:41:104:61":12,"s:106:2:111:Infinity":13}}}
,"/home/simon/dev/clawhq/src/config/loader.ts": {"path":"/home/simon/dev/clawhq/src/config/loader.ts","statementMap":{"0":{"start":{"line":18,"column":37},"end":{"line":33,"column":null}},"1":{"start":{"line":36,"column":17},"end":{"line":36,"column":28}},"2":{"start":{"line":37,"column":2},"end":{"line":54,"column":null}},"3":{"start":{"line":38,"column":24},"end":{"line":38,"column":null}},"4":{"start":{"line":39,"column":20},"end":{"line":39,"column":null}},"5":{"start":{"line":40,"column":4},"end":{"line":54,"column":null}},"6":{"start":{"line":49,"column":6},"end":{"line":52,"column":null}},"7":{"start":{"line":53,"column":15},"end":{"line":54,"column":null}},"8":{"start":{"line":54,"column":6},"end":{"line":54,"column":null}},"9":{"start":{"line":57,"column":2},"end":{"line":57,"column":null}},"10":{"start":{"line":61,"column":2},"end":{"line":69,"column":null}},"11":{"start":{"line":62,"column":20},"end":{"line":62,"column":53}},"12":{"start":{"line":63,"column":10},"end":{"line":63,"column":37}},"13":{"start":{"line":64,"column":4},"end":{"line":64,"column":null}},"14":{"start":{"line":66,"column":4},"end":{"line":67,"column":null}},"15":{"start":{"line":67,"column":6},"end":{"line":67,"column":null}},"16":{"start":{"line":69,"column":4},"end":{"line":69,"column":null}},"17":{"start":{"line":74,"column":2},"end":{"line":74,"column":null}},"18":{"start":{"line":78,"column":2},"end":{"line":78,"column":null}},"19":{"start":{"line":88,"column":19},"end":{"line":88,"column":64}},"20":{"start":{"line":89,"column":22},"end":{"line":89,"column":84}},"21":{"start":{"line":91,"column":21},"end":{"line":91,"column":49}},"22":{"start":{"line":92,"column":24},"end":{"line":92,"column":55}},"23":{"start":{"line":94,"column":15},"end":{"line":94,"column":36}},"24":{"start":{"line":96,"column":2},"end":{"line":97,"column":null}},"25":{"start":{"line":97,"column":4},"end":{"line":97,"column":null}},"26":{"start":{"line":99,"column":2},"end":{"line":100,"column":null}},"27":{"start":{"line":100,"column":4},"end":{"line":100,"column":null}},"28":{"start":{"line":103,"column":2},"end":{"line":103,"column":null}},"29":{"start":{"line":107,"column":18},"end":{"line":107,"column":53}},"30":{"start":{"line":108,"column":2},"end":{"line":108,"column":null}}},"fnMap":{"0":{"name":"deepMerge","decl":{"start":{"line":35,"column":9},"end":{"line":35,"column":54}},"loc":{"start":{"line":35,"column":88},"end":{"line":57,"column":null}},"line":35},"1":{"name":"loadYamlFile","decl":{"start":{"line":60,"column":15},"end":{"line":60,"column":28}},"loc":{"start":{"line":60,"column":76},"end":{"line":69,"column":null}},"line":60},"2":{"name":"getUserConfigPath","decl":{"start":{"line":73,"column":16},"end":{"line":73,"column":44}},"loc":{"start":{"line":73,"column":44},"end":{"line":74,"column":null}},"line":73},"3":{"name":"getProjectConfigPath","decl":{"start":{"line":77,"column":16},"end":{"line":77,"column":37}},"loc":{"start":{"line":77,"column":59},"end":{"line":78,"column":null}},"line":77},"4":{"name":"loadConfig","decl":{"start":{"line":87,"column":22},"end":{"line":87,"column":33}},"loc":{"start":{"line":87,"column":89},"end":{"line":103,"column":null}},"line":87},"5":{"name":"loadOpenClawConfig","decl":{"start":{"line":106,"column":22},"end":{"line":106,"column":41}},"loc":{"start":{"line":106,"column":95},"end":{"line":108,"column":null}},"line":106}},"branchMap":{"0":{"loc":{"start":{"line":40,"column":4},"end":{"line":54,"column":null}},"type":"if","locations":[{"start":{"line":40,"column":4},"end":{"line":54,"column":null}},{"start":{"line":53,"column":15},"end":{"line":54,"column":null}}],"line":40},"1":{"loc":{"start":{"line":41,"column":6},"end":{"line":47,"column":29}},"type":"binary-expr","locations":[{"start":{"line":41,"column":6},"end":{"line":41,"column":null}},{"start":{"line":42,"column":6},"end":{"line":42,"column":null}},{"start":{"line":43,"column":6},"end":{"line":43,"column":null}},{"start":{"line":44,"column":6},"end":{"line":44,"column":33}},{"start":{"line":45,"column":6},"end":{"line":45,"column":null}},{"start":{"line":46,"column":6},"end":{"line":46,"column":null}},{"start":{"line":47,"column":6},"end":{"line":47,"column":29}}],"line":41},"2":{"loc":{"start":{"line":53,"column":15},"end":{"line":54,"column":null}},"type":"if","locations":[{"start":{"line":53,"column":15},"end":{"line":54,"column":null}},{"start":{},"end":{}}],"line":53},"3":{"loc":{"start":{"line":64,"column":11},"end":{"line":64,"column":null}},"type":"binary-expr","locations":[{"start":{"line":64,"column":11},"end":{"line":64,"column":21}},{"start":{"line":64,"column":21},"end":{"line":64,"column":null}}],"line":64},"4":{"loc":{"start":{"line":66,"column":4},"end":{"line":67,"column":null}},"type":"if","locations":[{"start":{"line":66,"column":4},"end":{"line":67,"column":null}},{"start":{},"end":{}}],"line":66},"5":{"loc":{"start":{"line":66,"column":8},"end":{"line":66,"column":99}},"type":"binary-expr","locations":[{"start":{"line":66,"column":8},"end":{"line":66,"column":32}},{"start":{"line":66,"column":32},"end":{"line":66,"column":50}},{"start":{"line":66,"column":50},"end":{"line":66,"column":99}}],"line":66},"6":{"loc":{"start":{"line":78,"column":17},"end":{"line":78,"column":37}},"type":"binary-expr","locations":[{"start":{"line":78,"column":17},"end":{"line":78,"column":24}},{"start":{"line":78,"column":24},"end":{"line":78,"column":37}}],"line":78},"7":{"loc":{"start":{"line":87,"column":33},"end":{"line":87,"column":64}},"type":"default-arg","locations":[{"start":{"line":87,"column":62},"end":{"line":87,"column":64}}],"line":87},"8":{"loc":{"start":{"line":88,"column":19},"end":{"line":88,"column":64}},"type":"binary-expr","locations":[{"start":{"line":88,"column":19},"end":{"line":88,"column":45}},{"start":{"line":88,"column":45},"end":{"line":88,"column":64}}],"line":88},"9":{"loc":{"start":{"line":89,"column":22},"end":{"line":89,"column":84}},"type":"binary-expr","locations":[{"start":{"line":89,"column":22},"end":{"line":89,"column":51}},{"start":{"line":89,"column":51},"end":{"line":89,"column":84}}],"line":89},"10":{"loc":{"start":{"line":96,"column":2},"end":{"line":97,"column":null}},"type":"if","locations":[{"start":{"line":96,"column":2},"end":{"line":97,"column":null}},{"start":{},"end":{}}],"line":96},"11":{"loc":{"start":{"line":99,"column":2},"end":{"line":100,"column":null}},"type":"if","locations":[{"start":{"line":99,"column":2},"end":{"line":100,"column":null}},{"start":{},"end":{}}],"line":99}},"s":{"0":2,"1":29,"2":29,"3":39,"4":39,"5":39,"6":13,"7":26,"8":25,"9":29,"10":23,"11":23,"12":13,"13":13,"14":11,"15":10,"16":1,"17":0,"18":0,"19":12,"20":12,"21":12,"22":11,"23":11,"24":11,"25":3,"26":11,"27":8,"28":11,"29":6,"30":4},"f":{"0":29,"1":23,"2":0,"3":0,"4":12,"5":6},"b":{"0":[13,26],"1":[39,39,38,14,13,13,13],"2":[25,1],"3":[13,1],"4":[10,1],"5":[11,11,11],"6":[0,0],"7":[12],"8":[12,0],"9":[12,0],"10":[3,8],"11":[8,3]},"meta":{"lastBranch":12,"lastFunction":6,"lastStatement":31,"seen":{"s:18:37:33:Infinity":0,"f:35:9:35:54":0,"s:36:17:36:28":1,"s:37:2:54:Infinity":2,"s:38:24:38:Infinity":3,"s:39:20:39:Infinity":4,"b:40:4:54:Infinity:53:15:54:Infinity":0,"s:40:4:54:Infinity":5,"b:41:6:41:Infinity:42:6:42:Infinity:43:6:43:Infinity:44:6:44:33:45:6:45:Infinity:46:6:46:Infinity:47:6:47:29":1,"s:49:6:52:Infinity":6,"b:53:15:54:Infinity:undefined:undefined:undefined:undefined":2,"s:53:15:54:Infinity":7,"s:54:6:54:Infinity":8,"s:57:2:57:Infinity":9,"f:60:15:60:28":1,"s:61:2:69:Infinity":10,"s:62:20:62:53":11,"s:63:10:63:37":12,"s:64:4:64:Infinity":13,"b:64:11:64:21:64:21:64:Infinity":3,"b:66:4:67:Infinity:undefined:undefined:undefined:undefined":4,"s:66:4:67:Infinity":14,"b:66:8:66:32:66:32:66:50:66:50:66:99":5,"s:67:6:67:Infinity":15,"s:69:4:69:Infinity":16,"f:73:16:73:44":2,"s:74:2:74:Infinity":17,"f:77:16:77:37":3,"s:78:2:78:Infinity":18,"b:78:17:78:24:78:24:78:37":6,"f:87:22:87:33":4,"b:87:62:87:64":7,"s:88:19:88:64":19,"b:88:19:88:45:88:45:88:64":8,"s:89:22:89:84":20,"b:89:22:89:51:89:51:89:84":9,"s:91:21:91:49":21,"s:92:24:92:55":22,"s:94:15:94:36":23,"b:96:2:97:Infinity:undefined:undefined:undefined:undefined":10,"s:96:2:97:Infinity":24,"s:97:4:97:Infinity":25,"b:99:2:100:Infinity:undefined:undefined:undefined:undefined":11,"s:99:2:100:Infinity":26,"s:100:4:100:Infinity":27,"s:103:2:103:Infinity":28,"f:106:22:106:41":5,"s:107:18:107:53":29,"s:108:2:108:Infinity":30}}}
,"/home/simon/dev/clawhq/src/config/schema.ts": {"path":"/home/simon/dev/clawhq/src/config/schema.ts","statementMap":{},"fnMap":{},"branchMap":{},"s":{},"f":{},"b":{},"meta":{"lastBranch":0,"lastFunction":0,"lastStatement":0,"seen":{}}}
,"/home/simon/dev/clawhq/src/config/validator.ts": {"path":"/home/simon/dev/clawhq/src/config/validator.ts","statementMap":{"0":{"start":{"line":40,"column":2},"end":{"line":40,"column":null}},"1":{"start":{"line":45,"column":39},"end":{"line":60,"column":null}},"2":{"start":{"line":49,"column":16},"end":{"line":49,"column":null}},"3":{"start":{"line":50,"column":4},"end":{"line":51,"column":null}},"4":{"start":{"line":51,"column":6},"end":{"line":51,"column":null}},"5":{"start":{"line":53,"column":4},"end":{"line":58,"column":null}},"6":{"start":{"line":62,"column":43},"end":{"line":77,"column":null}},"7":{"start":{"line":66,"column":20},"end":{"line":66,"column":null}},"8":{"start":{"line":67,"column":4},"end":{"line":68,"column":null}},"9":{"start":{"line":68,"column":6},"end":{"line":68,"column":null}},"10":{"start":{"line":70,"column":4},"end":{"line":75,"column":null}},"11":{"start":{"line":79,"column":43},"end":{"line":94,"column":null}},"12":{"start":{"line":83,"column":20},"end":{"line":83,"column":null}},"13":{"start":{"line":84,"column":4},"end":{"line":85,"column":null}},"14":{"start":{"line":85,"column":6},"end":{"line":85,"column":null}},"15":{"start":{"line":87,"column":4},"end":{"line":92,"column":null}},"16":{"start":{"line":96,"column":42},"end":{"line":119,"column":null}},"17":{"start":{"line":100,"column":17},"end":{"line":100,"column":null}},"18":{"start":{"line":101,"column":4},"end":{"line":102,"column":null}},"19":{"start":{"line":102,"column":6},"end":{"line":102,"column":null}},"20":{"start":{"line":104,"column":4},"end":{"line":110,"column":null}},"21":{"start":{"line":105,"column":6},"end":{"line":110,"column":null}},"22":{"start":{"line":112,"column":4},"end":{"line":117,"column":null}},"23":{"start":{"line":121,"column":46},"end":{"line":144,"column":null}},"24":{"start":{"line":125,"column":21},"end":{"line":125,"column":null}},"25":{"start":{"line":126,"column":4},"end":{"line":127,"column":null}},"26":{"start":{"line":127,"column":6},"end":{"line":127,"column":null}},"27":{"start":{"line":129,"column":4},"end":{"line":135,"column":null}},"28":{"start":{"line":130,"column":6},"end":{"line":135,"column":null}},"29":{"start":{"line":137,"column":4},"end":{"line":142,"column":null}},"30":{"start":{"line":146,"column":42},"end":{"line":169,"column":null}},"31":{"start":{"line":150,"column":20},"end":{"line":150,"column":null}},"32":{"start":{"line":151,"column":4},"end":{"line":157,"column":null}},"33":{"start":{"line":152,"column":6},"end":{"line":157,"column":null}},"34":{"start":{"line":159,"column":4},"end":{"line":160,"column":null}},"35":{"start":{"line":160,"column":6},"end":{"line":160,"column":null}},"36":{"start":{"line":162,"column":4},"end":{"line":167,"column":null}},"37":{"start":{"line":171,"column":40},"end":{"line":194,"column":null}},"38":{"start":{"line":175,"column":20},"end":{"line":175,"column":null}},"39":{"start":{"line":176,"column":4},"end":{"line":182,"column":null}},"40":{"start":{"line":177,"column":6},"end":{"line":182,"column":null}},"41":{"start":{"line":184,"column":4},"end":{"line":185,"column":null}},"42":{"start":{"line":185,"column":6},"end":{"line":185,"column":null}},"43":{"start":{"line":187,"column":4},"end":{"line":192,"column":null}},"44":{"start":{"line":196,"column":43},"end":{"line":223,"column":null}},"45":{"start":{"line":202,"column":19},"end":{"line":202,"column":null}},"46":{"start":{"line":203,"column":22},"end":{"line":203,"column":null}},"47":{"start":{"line":204,"column":22},"end":{"line":204,"column":null}},"48":{"start":{"line":208,"column":4},"end":{"line":214,"column":null}},"49":{"start":{"line":209,"column":6},"end":{"line":214,"column":null}},"50":{"start":{"line":216,"column":4},"end":{"line":221,"column":null}},"51":{"start":{"line":225,"column":28},"end":{"line":225,"column":null}},"52":{"start":{"line":227,"column":41},"end":{"line":246,"column":null}},"53":{"start":{"line":231,"column":19},"end":{"line":231,"column":null}},"54":{"start":{"line":232,"column":23},"end":{"line":232,"column":null}},"55":{"start":{"line":233,"column":4},"end":{"line":234,"column":null}},"56":{"start":{"line":234,"column":6},"end":{"line":234,"column":null}},"57":{"start":{"line":239,"column":4},"end":{"line":244,"column":null}},"58":{"start":{"line":248,"column":45},"end":{"line":272,"column":null}},"59":{"start":{"line":252,"column":20},"end":{"line":252,"column":null}},"60":{"start":{"line":253,"column":4},"end":{"line":259,"column":null}},"61":{"start":{"line":254,"column":6},"end":{"line":259,"column":null}},"62":{"start":{"line":261,"column":26},"end":{"line":261,"column":60}},"63":{"start":{"line":262,"column":4},"end":{"line":263,"column":null}},"64":{"start":{"line":263,"column":6},"end":{"line":263,"column":null}},"65":{"start":{"line":265,"column":4},"end":{"line":270,"column":null}},"66":{"start":{"line":274,"column":36},"end":{"line":325,"column":null}},"67":{"start":{"line":278,"column":20},"end":{"line":278,"column":null}},"68":{"start":{"line":279,"column":16},"end":{"line":279,"column":null}},"69":{"start":{"line":281,"column":4},"end":{"line":287,"column":null}},"70":{"start":{"line":282,"column":6},"end":{"line":287,"column":null}},"71":{"start":{"line":291,"column":20},"end":{"line":291,"column":62}},"72":{"start":{"line":292,"column":4},"end":{"line":293,"column":null}},"73":{"start":{"line":293,"column":6},"end":{"line":293,"column":null}},"74":{"start":{"line":296,"column":25},"end":{"line":296,"column":84}},"75":{"start":{"line":296,"column":56},"end":{"line":296,"column":81}},"76":{"start":{"line":298,"column":4},"end":{"line":304,"column":null}},"77":{"start":{"line":299,"column":6},"end":{"line":304,"column":null}},"78":{"start":{"line":307,"column":21},"end":{"line":307,"column":36}},"79":{"start":{"line":308,"column":24},"end":{"line":311,"column":null}},"80":{"start":{"line":310,"column":23},"end":{"line":310,"column":72}},"81":{"start":{"line":311,"column":20},"end":{"line":311,"column":42}},"82":{"start":{"line":314,"column":20},"end":{"line":314,"column":67}},"83":{"start":{"line":314,"column":47},"end":{"line":314,"column":66}},"84":{"start":{"line":315,"column":4},"end":{"line":316,"column":null}},"85":{"start":{"line":316,"column":6},"end":{"line":316,"column":null}},"86":{"start":{"line":318,"column":4},"end":{"line":323,"column":null}},"87":{"start":{"line":322,"column":41},"end":{"line":322,"column":56}},"88":{"start":{"line":327,"column":43},"end":{"line":365,"column":null}},"89":{"start":{"line":331,"column":20},"end":{"line":331,"column":null}},"90":{"start":{"line":332,"column":4},"end":{"line":338,"column":null}},"91":{"start":{"line":333,"column":6},"end":{"line":338,"column":null}},"92":{"start":{"line":342,"column":31},"end":{"line":342,"column":null}},"93":{"start":{"line":343,"column":24},"end":{"line":343,"column":85}},"94":{"start":{"line":343,"column":58},"end":{"line":343,"column":84}},"95":{"start":{"line":345,"column":4},"end":{"line":351,"column":null}},"96":{"start":{"line":346,"column":6},"end":{"line":351,"column":null}},"97":{"start":{"line":354,"column":24},"end":{"line":354,"column":67}},"98":{"start":{"line":354,"column":49},"end":{"line":354,"column":66}},"99":{"start":{"line":355,"column":4},"end":{"line":356,"column":null}},"100":{"start":{"line":356,"column":6},"end":{"line":356,"column":null}},"101":{"start":{"line":358,"column":4},"end":{"line":363,"column":null}},"102":{"start":{"line":367,"column":37},"end":{"line":379,"column":null}},"103":{"start":{"line":372,"column":4},"end":{"line":377,"column":null}},"104":{"start":{"line":381,"column":42},"end":{"line":409,"column":null}},"105":{"start":{"line":385,"column":16},"end":{"line":385,"column":null}},"106":{"start":{"line":386,"column":4},"end":{"line":392,"column":null}},"107":{"start":{"line":387,"column":6},"end":{"line":392,"column":null}},"108":{"start":{"line":394,"column":4},"end":{"line":400,"column":null}},"109":{"start":{"line":395,"column":6},"end":{"line":400,"column":null}},"110":{"start":{"line":402,"column":4},"end":{"line":407,"column":null}},"111":{"start":{"line":413,"column":46},"end":{"line":428,"column":null}},"112":{"start":{"line":433,"column":17},"end":{"line":433,"column":41}},"113":{"start":{"line":434,"column":2},"end":{"line":441,"column":null}},"114":{"start":{"line":435,"column":4},"end":{"line":441,"column":null}},"115":{"start":{"line":436,"column":6},"end":{"line":441,"column":null}},"116":{"start":{"line":444,"column":2},"end":{"line":444,"column":null}},"117":{"start":{"line":450,"column":2},"end":{"line":450,"column":null}},"118":{"start":{"line":450,"column":38},"end":{"line":450,"column":53}},"119":{"start":{"line":459,"column":24},"end":{"line":468,"column":null}},"120":{"start":{"line":470,"column":18},"end":{"line":470,"column":null}},"121":{"start":{"line":471,"column":44},"end":{"line":471,"column":46}},"122":{"start":{"line":473,"column":2},"end":{"line":478,"column":null}},"123":{"start":{"line":474,"column":4},"end":{"line":478,"column":null}},"124":{"start":{"line":475,"column":22},"end":{"line":475,"column":76}},"125":{"start":{"line":476,"column":6},"end":{"line":476,"column":null}},"126":{"start":{"line":477,"column":6},"end":{"line":477,"column":null}},"127":{"start":{"line":483,"column":2},"end":{"line":489,"column":null}},"128":{"start":{"line":484,"column":4},"end":{"line":489,"column":null}},"129":{"start":{"line":492,"column":2},"end":{"line":502,"column":null}},"130":{"start":{"line":493,"column":22},"end":{"line":496,"column":17}},"131":{"start":{"line":494,"column":30},"end":{"line":494,"column":36}},"132":{"start":{"line":495,"column":29},"end":{"line":495,"column":54}},"133":{"start":{"line":497,"column":4},"end":{"line":502,"column":null}},"134":{"start":{"line":505,"column":16},"end":{"line":505,"column":56}},"135":{"start":{"line":506,"column":2},"end":{"line":512,"column":null}},"136":{"start":{"line":507,"column":4},"end":{"line":512,"column":null}},"137":{"start":{"line":515,"column":2},"end":{"line":520,"column":null}}},"fnMap":{"0":{"name":"result","decl":{"start":{"line":34,"column":9},"end":{"line":34,"column":null}},"loc":{"start":{"line":39,"column":20},"end":{"line":40,"column":null}},"line":39},"1":{"name":"(anonymous_1)","decl":{"start":{"line":48,"column":2},"end":{"line":48,"column":8}},"loc":{"start":{"line":48,"column":13},"end":{"line":58,"column":null}},"line":48},"2":{"name":"(anonymous_2)","decl":{"start":{"line":65,"column":2},"end":{"line":65,"column":8}},"loc":{"start":{"line":65,"column":13},"end":{"line":75,"column":null}},"line":65},"3":{"name":"(anonymous_3)","decl":{"start":{"line":82,"column":2},"end":{"line":82,"column":8}},"loc":{"start":{"line":82,"column":13},"end":{"line":92,"column":null}},"line":82},"4":{"name":"(anonymous_4)","decl":{"start":{"line":99,"column":2},"end":{"line":99,"column":8}},"loc":{"start":{"line":99,"column":13},"end":{"line":117,"column":null}},"line":99},"5":{"name":"(anonymous_5)","decl":{"start":{"line":124,"column":2},"end":{"line":124,"column":8}},"loc":{"start":{"line":124,"column":13},"end":{"line":142,"column":null}},"line":124},"6":{"name":"(anonymous_6)","decl":{"start":{"line":149,"column":2},"end":{"line":149,"column":8}},"loc":{"start":{"line":149,"column":13},"end":{"line":167,"column":null}},"line":149},"7":{"name":"(anonymous_7)","decl":{"start":{"line":174,"column":2},"end":{"line":174,"column":8}},"loc":{"start":{"line":174,"column":13},"end":{"line":192,"column":null}},"line":174},"8":{"name":"(anonymous_8)","decl":{"start":{"line":199,"column":2},"end":{"line":199,"column":8}},"loc":{"start":{"line":199,"column":13},"end":{"line":221,"column":null}},"line":199},"9":{"name":"(anonymous_9)","decl":{"start":{"line":230,"column":2},"end":{"line":230,"column":8}},"loc":{"start":{"line":230,"column":13},"end":{"line":244,"column":null}},"line":230},"10":{"name":"(anonymous_10)","decl":{"start":{"line":251,"column":2},"end":{"line":251,"column":8}},"loc":{"start":{"line":251,"column":13},"end":{"line":270,"column":null}},"line":251},"11":{"name":"(anonymous_11)","decl":{"start":{"line":277,"column":2},"end":{"line":277,"column":8}},"loc":{"start":{"line":277,"column":13},"end":{"line":323,"column":null}},"line":277},"12":{"name":"(anonymous_12)","decl":{"start":{"line":296,"column":45},"end":{"line":296,"column":50}},"loc":{"start":{"line":296,"column":56},"end":{"line":296,"column":81}},"line":296},"13":{"name":"(anonymous_13)","decl":{"start":{"line":310,"column":9},"end":{"line":310,"column":17}},"loc":{"start":{"line":310,"column":23},"end":{"line":310,"column":72}},"line":310},"14":{"name":"(anonymous_14)","decl":{"start":{"line":311,"column":9},"end":{"line":311,"column":14}},"loc":{"start":{"line":311,"column":20},"end":{"line":311,"column":42}},"line":311},"15":{"name":"(anonymous_15)","decl":{"start":{"line":314,"column":33},"end":{"line":314,"column":41}},"loc":{"start":{"line":314,"column":47},"end":{"line":314,"column":66}},"line":314},"16":{"name":"(anonymous_16)","decl":{"start":{"line":322,"column":30},"end":{"line":322,"column":35}},"loc":{"start":{"line":322,"column":41},"end":{"line":322,"column":56}},"line":322},"17":{"name":"(anonymous_17)","decl":{"start":{"line":330,"column":2},"end":{"line":330,"column":8}},"loc":{"start":{"line":330,"column":13},"end":{"line":363,"column":null}},"line":330},"18":{"name":"(anonymous_18)","decl":{"start":{"line":343,"column":44},"end":{"line":343,"column":52}},"loc":{"start":{"line":343,"column":58},"end":{"line":343,"column":84}},"line":343},"19":{"name":"(anonymous_19)","decl":{"start":{"line":354,"column":36},"end":{"line":354,"column":43}},"loc":{"start":{"line":354,"column":49},"end":{"line":354,"column":66}},"line":354},"20":{"name":"(anonymous_20)","decl":{"start":{"line":370,"column":2},"end":{"line":370,"column":8}},"loc":{"start":{"line":370,"column":14},"end":{"line":377,"column":null}},"line":370},"21":{"name":"(anonymous_21)","decl":{"start":{"line":384,"column":2},"end":{"line":384,"column":8}},"loc":{"start":{"line":384,"column":13},"end":{"line":407,"column":null}},"line":384},"22":{"name":"validateCronExpression","decl":{"start":{"line":432,"column":16},"end":{"line":432,"column":39}},"loc":{"start":{"line":432,"column":71},"end":{"line":444,"column":null}},"line":432},"23":{"name":"validate","decl":{"start":{"line":449,"column":16},"end":{"line":449,"column":25}},"loc":{"start":{"line":449,"column":69},"end":{"line":450,"column":null}},"line":449},"24":{"name":"(anonymous_24)","decl":{"start":{"line":450,"column":24},"end":{"line":450,"column":29}},"loc":{"start":{"line":450,"column":38},"end":{"line":450,"column":53}},"line":450},"25":{"name":"checkIdentityBudget","decl":{"start":{"line":455,"column":22},"end":{"line":455,"column":null}},"loc":{"start":{"line":458,"column":29},"end":{"line":520,"column":null}},"line":458},"26":{"name":"(anonymous_26)","decl":{"start":{"line":494,"column":7},"end":{"line":494,"column":13}},"loc":{"start":{"line":494,"column":30},"end":{"line":494,"column":36}},"line":494},"27":{"name":"(anonymous_27)","decl":{"start":{"line":495,"column":7},"end":{"line":495,"column":12}},"loc":{"start":{"line":495,"column":29},"end":{"line":495,"column":54}},"line":495}},"branchMap":{"0":{"loc":{"start":{"line":50,"column":4},"end":{"line":51,"column":null}},"type":"if","locations":[{"start":{"line":50,"column":4},"end":{"line":51,"column":null}},{"start":{},"end":{}}],"line":50},"1":{"loc":{"start":{"line":67,"column":4},"end":{"line":68,"column":null}},"type":"if","locations":[{"start":{"line":67,"column":4},"end":{"line":68,"column":null}},{"start":{},"end":{}}],"line":67},"2":{"loc":{"start":{"line":67,"column":8},"end":{"line":67,"column":54}},"type":"binary-expr","locations":[{"start":{"line":67,"column":8},"end":{"line":67,"column":30}},{"start":{"line":67,"column":34},"end":{"line":67,"column":54}}],"line":67},"3":{"loc":{"start":{"line":84,"column":4},"end":{"line":85,"column":null}},"type":"if","locations":[{"start":{"line":84,"column":4},"end":{"line":85,"column":null}},{"start":{},"end":{}}],"line":84},"4":{"loc":{"start":{"line":84,"column":8},"end":{"line":84,"column":54}},"type":"binary-expr","locations":[{"start":{"line":84,"column":8},"end":{"line":84,"column":30}},{"start":{"line":84,"column":34},"end":{"line":84,"column":54}}],"line":84},"5":{"loc":{"start":{"line":101,"column":4},"end":{"line":102,"column":null}},"type":"if","locations":[{"start":{"line":101,"column":4},"end":{"line":102,"column":null}},{"start":{},"end":{}}],"line":101},"6":{"loc":{"start":{"line":104,"column":4},"end":{"line":110,"column":null}},"type":"if","locations":[{"start":{"line":104,"column":4},"end":{"line":110,"column":null}},{"start":{},"end":{}}],"line":104},"7":{"loc":{"start":{"line":126,"column":4},"end":{"line":127,"column":null}},"type":"if","locations":[{"start":{"line":126,"column":4},"end":{"line":127,"column":null}},{"start":{},"end":{}}],"line":126},"8":{"loc":{"start":{"line":129,"column":4},"end":{"line":135,"column":null}},"type":"if","locations":[{"start":{"line":129,"column":4},"end":{"line":135,"column":null}},{"start":{},"end":{}}],"line":129},"9":{"loc":{"start":{"line":151,"column":4},"end":{"line":157,"column":null}},"type":"if","locations":[{"start":{"line":151,"column":4},"end":{"line":157,"column":null}},{"start":{},"end":{}}],"line":151},"10":{"loc":{"start":{"line":159,"column":4},"end":{"line":160,"column":null}},"type":"if","locations":[{"start":{"line":159,"column":4},"end":{"line":160,"column":null}},{"start":{},"end":{}}],"line":159},"11":{"loc":{"start":{"line":176,"column":4},"end":{"line":182,"column":null}},"type":"if","locations":[{"start":{"line":176,"column":4},"end":{"line":182,"column":null}},{"start":{},"end":{}}],"line":176},"12":{"loc":{"start":{"line":184,"column":4},"end":{"line":185,"column":null}},"type":"if","locations":[{"start":{"line":184,"column":4},"end":{"line":185,"column":null}},{"start":{},"end":{}}],"line":184},"13":{"loc":{"start":{"line":204,"column":22},"end":{"line":204,"column":null}},"type":"binary-expr","locations":[{"start":{"line":204,"column":22},"end":{"line":204,"column":34}},{"start":{"line":204,"column":34},"end":{"line":204,"column":null}}],"line":204},"14":{"loc":{"start":{"line":208,"column":4},"end":{"line":214,"column":null}},"type":"if","locations":[{"start":{"line":208,"column":4},"end":{"line":214,"column":null}},{"start":{},"end":{}}],"line":208},"15":{"loc":{"start":{"line":208,"column":8},"end":{"line":208,"column":45}},"type":"binary-expr","locations":[{"start":{"line":208,"column":8},"end":{"line":208,"column":25}},{"start":{"line":208,"column":25},"end":{"line":208,"column":45}}],"line":208},"16":{"loc":{"start":{"line":233,"column":4},"end":{"line":234,"column":null}},"type":"if","locations":[{"start":{"line":233,"column":4},"end":{"line":234,"column":null}},{"start":{},"end":{}}],"line":233},"17":{"loc":{"start":{"line":253,"column":4},"end":{"line":259,"column":null}},"type":"if","locations":[{"start":{"line":253,"column":4},"end":{"line":259,"column":null}},{"start":{},"end":{}}],"line":253},"18":{"loc":{"start":{"line":262,"column":4},"end":{"line":263,"column":null}},"type":"if","locations":[{"start":{"line":262,"column":4},"end":{"line":263,"column":null}},{"start":{},"end":{}}],"line":262},"19":{"loc":{"start":{"line":281,"column":4},"end":{"line":287,"column":null}},"type":"if","locations":[{"start":{"line":281,"column":4},"end":{"line":287,"column":null}},{"start":{},"end":{}}],"line":281},"20":{"loc":{"start":{"line":292,"column":4},"end":{"line":293,"column":null}},"type":"if","locations":[{"start":{"line":292,"column":4},"end":{"line":293,"column":null}},{"start":{},"end":{}}],"line":292},"21":{"loc":{"start":{"line":292,"column":8},"end":{"line":292,"column":42}},"type":"binary-expr","locations":[{"start":{"line":292,"column":8},"end":{"line":292,"column":20}},{"start":{"line":292,"column":20},"end":{"line":292,"column":42}}],"line":292},"22":{"loc":{"start":{"line":298,"column":4},"end":{"line":304,"column":null}},"type":"if","locations":[{"start":{"line":298,"column":4},"end":{"line":304,"column":null}},{"start":{},"end":{}}],"line":298},"23":{"loc":{"start":{"line":310,"column":23},"end":{"line":310,"column":72}},"type":"binary-expr","locations":[{"start":{"line":310,"column":23},"end":{"line":310,"column":38}},{"start":{"line":310,"column":42},"end":{"line":310,"column":72}}],"line":310},"24":{"loc":{"start":{"line":315,"column":4},"end":{"line":316,"column":null}},"type":"if","locations":[{"start":{"line":315,"column":4},"end":{"line":316,"column":null}},{"start":{},"end":{}}],"line":315},"25":{"loc":{"start":{"line":332,"column":4},"end":{"line":338,"column":null}},"type":"if","locations":[{"start":{"line":332,"column":4},"end":{"line":338,"column":null}},{"start":{},"end":{}}],"line":332},"26":{"loc":{"start":{"line":345,"column":4},"end":{"line":351,"column":null}},"type":"if","locations":[{"start":{"line":345,"column":4},"end":{"line":351,"column":null}},{"start":{},"end":{}}],"line":345},"27":{"loc":{"start":{"line":355,"column":4},"end":{"line":356,"column":null}},"type":"if","locations":[{"start":{"line":355,"column":4},"end":{"line":356,"column":null}},{"start":{},"end":{}}],"line":355},"28":{"loc":{"start":{"line":386,"column":4},"end":{"line":392,"column":null}},"type":"if","locations":[{"start":{"line":386,"column":4},"end":{"line":392,"column":null}},{"start":{},"end":{}}],"line":386},"29":{"loc":{"start":{"line":394,"column":4},"end":{"line":400,"column":null}},"type":"if","locations":[{"start":{"line":394,"column":4},"end":{"line":400,"column":null}},{"start":{},"end":{}}],"line":394},"30":{"loc":{"start":{"line":435,"column":4},"end":{"line":441,"column":null}},"type":"if","locations":[{"start":{"line":435,"column":4},"end":{"line":441,"column":null}},{"start":{},"end":{}}],"line":435},"31":{"loc":{"start":{"line":457,"column":2},"end":{"line":457,"column":null}},"type":"default-arg","locations":[{"start":{"line":457,"column":13},"end":{"line":457,"column":null}}],"line":457},"32":{"loc":{"start":{"line":483,"column":2},"end":{"line":489,"column":null}},"type":"if","locations":[{"start":{"line":483,"column":2},"end":{"line":489,"column":null}},{"start":{},"end":{}}],"line":483},"33":{"loc":{"start":{"line":492,"column":2},"end":{"line":502,"column":null}},"type":"if","locations":[{"start":{"line":492,"column":2},"end":{"line":502,"column":null}},{"start":{},"end":{}}],"line":492},"34":{"loc":{"start":{"line":506,"column":2},"end":{"line":512,"column":null}},"type":"if","locations":[{"start":{"line":506,"column":2},"end":{"line":512,"column":null}},{"start":{},"end":{}}],"line":506}},"s":{"0":584,"1":2,"2":41,"3":41,"4":5,"5":36,"6":2,"7":41,"8":41,"9":5,"10":36,"11":2,"12":41,"13":41,"14":5,"15":36,"16":2,"17":41,"18":41,"19":4,"20":37,"21":35,"22":2,"23":2,"24":41,"25":41,"26":4,"27":37,"28":36,"29":1,"30":2,"31":41,"32":41,"33":26,"34":15,"35":4,"36":11,"37":2,"38":41,"39":41,"40":26,"41":15,"42":3,"43":12,"44":2,"45":41,"46":41,"47":41,"48":41,"49":41,"50":0,"51":2,"52":2,"53":41,"54":41,"55":41,"56":41,"57":0,"58":2,"59":41,"60":41,"61":26,"62":15,"63":15,"64":14,"65":1,"66":2,"67":41,"68":41,"69":41,"70":26,"71":15,"72":15,"73":10,"74":5,"75":7,"76":5,"77":1,"78":4,"79":4,"80":10,"81":5,"82":4,"83":6,"84":4,"85":3,"86":1,"87":1,"88":2,"89":41,"90":41,"91":26,"92":15,"93":15,"94":73,"95":15,"96":11,"97":4,"98":4,"99":4,"100":3,"101":1,"102":2,"103":41,"104":2,"105":41,"106":41,"107":36,"108":5,"109":4,"110":1,"111":2,"112":5,"113":5,"114":18,"115":2,"116":3,"117":41,"118":574,"119":5,"120":5,"121":5,"122":5,"123":40,"124":40,"125":6,"126":6,"127":5,"128":1,"129":4,"130":2,"131":1,"132":3,"133":2,"134":2,"135":2,"136":1,"137":1},"f":{"0":584,"1":41,"2":41,"3":41,"4":41,"5":41,"6":41,"7":41,"8":41,"9":41,"10":41,"11":41,"12":7,"13":10,"14":5,"15":6,"16":1,"17":41,"18":73,"19":4,"20":41,"21":41,"22":5,"23":41,"24":574,"25":5,"26":1,"27":3},"b":{"0":[5,36],"1":[5,36],"2":[41,6],"3":[5,36],"4":[41,6],"5":[4,37],"6":[35,2],"7":[4,37],"8":[36,1],"9":[26,15],"10":[4,11],"11":[26,15],"12":[3,12],"13":[41,41],"14":[41,0],"15":[41,41],"16":[41,0],"17":[26,15],"18":[14,1],"19":[26,15],"20":[10,5],"21":[15,5],"22":[1,4],"23":[10,6],"24":[3,1],"25":[26,15],"26":[11,4],"27":[3,1],"28":[36,5],"29":[4,1],"30":[2,16],"31":[5],"32":[1,4],"33":[2,2],"34":[1,1]},"meta":{"lastBranch":35,"lastFunction":28,"lastStatement":138,"seen":{"f:34:9:34:Infinity":0,"s:40:2:40:Infinity":0,"s:45:39:60:Infinity":1,"f:48:2:48:8":1,"s:49:16:49:Infinity":2,"b:50:4:51:Infinity:undefined:undefined:undefined:undefined":0,"s:50:4:51:Infinity":3,"s:51:6:51:Infinity":4,"s:53:4:58:Infinity":5,"s:62:43:77:Infinity":6,"f:65:2:65:8":2,"s:66:20:66:Infinity":7,"b:67:4:68:Infinity:undefined:undefined:undefined:undefined":1,"s:67:4:68:Infinity":8,"b:67:8:67:30:67:34:67:54":2,"s:68:6:68:Infinity":9,"s:70:4:75:Infinity":10,"s:79:43:94:Infinity":11,"f:82:2:82:8":3,"s:83:20:83:Infinity":12,"b:84:4:85:Infinity:undefined:undefined:undefined:undefined":3,"s:84:4:85:Infinity":13,"b:84:8:84:30:84:34:84:54":4,"s:85:6:85:Infinity":14,"s:87:4:92:Infinity":15,"s:96:42:119:Infinity":16,"f:99:2:99:8":4,"s:100:17:100:Infinity":17,"b:101:4:102:Infinity:undefined:undefined:undefined:undefined":5,"s:101:4:102:Infinity":18,"s:102:6:102:Infinity":19,"b:104:4:110:Infinity:undefined:undefined:undefined:undefined":6,"s:104:4:110:Infinity":20,"s:105:6:110:Infinity":21,"s:112:4:117:Infinity":22,"s:121:46:144:Infinity":23,"f:124:2:124:8":5,"s:125:21:125:Infinity":24,"b:126:4:127:Infinity:undefined:undefined:undefined:undefined":7,"s:126:4:127:Infinity":25,"s:127:6:127:Infinity":26,"b:129:4:135:Infinity:undefined:undefined:undefined:undefined":8,"s:129:4:135:Infinity":27,"s:130:6:135:Infinity":28,"s:137:4:142:Infinity":29,"s:146:42:169:Infinity":30,"f:149:2:149:8":6,"s:150:20:150:Infinity":31,"b:151:4:157:Infinity:undefined:undefined:undefined:undefined":9,"s:151:4:157:Infinity":32,"s:152:6:157:Infinity":33,"b:159:4:160:Infinity:undefined:undefined:undefined:undefined":10,"s:159:4:160:Infinity":34,"s:160:6:160:Infinity":35,"s:162:4:167:Infinity":36,"s:171:40:194:Infinity":37,"f:174:2:174:8":7,"s:175:20:175:Infinity":38,"b:176:4:182:Infinity:undefined:undefined:undefined:undefined":11,"s:176:4:182:Infinity":39,"s:177:6:182:Infinity":40,"b:184:4:185:Infinity:undefined:undefined:undefined:undefined":12,"s:184:4:185:Infinity":41,"s:185:6:185:Infinity":42,"s:187:4:192:Infinity":43,"s:196:43:223:Infinity":44,"f:199:2:199:8":8,"s:202:19:202:Infinity":45,"s:203:22:203:Infinity":46,"s:204:22:204:Infinity":47,"b:204:22:204:34:204:34:204:Infinity":13,"b:208:4:214:Infinity:undefined:undefined:undefined:undefined":14,"s:208:4:214:Infinity":48,"b:208:8:208:25:208:25:208:45":15,"s:209:6:214:Infinity":49,"s:216:4:221:Infinity":50,"s:225:28:225:Infinity":51,"s:227:41:246:Infinity":52,"f:230:2:230:8":9,"s:231:19:231:Infinity":53,"s:232:23:232:Infinity":54,"b:233:4:234:Infinity:undefined:undefined:undefined:undefined":16,"s:233:4:234:Infinity":55,"s:234:6:234:Infinity":56,"s:239:4:244:Infinity":57,"s:248:45:272:Infinity":58,"f:251:2:251:8":10,"s:252:20:252:Infinity":59,"b:253:4:259:Infinity:undefined:undefined:undefined:undefined":17,"s:253:4:259:Infinity":60,"s:254:6:259:Infinity":61,"s:261:26:261:60":62,"b:262:4:263:Infinity:undefined:undefined:undefined:undefined":18,"s:262:4:263:Infinity":63,"s:263:6:263:Infinity":64,"s:265:4:270:Infinity":65,"s:274:36:325:Infinity":66,"f:277:2:277:8":11,"s:278:20:278:Infinity":67,"s:279:16:279:Infinity":68,"b:281:4:287:Infinity:undefined:undefined:undefined:undefined":19,"s:281:4:287:Infinity":69,"s:282:6:287:Infinity":70,"s:291:20:291:62":71,"b:292:4:293:Infinity:undefined:undefined:undefined:undefined":20,"s:292:4:293:Infinity":72,"b:292:8:292:20:292:20:292:42":21,"s:293:6:293:Infinity":73,"s:296:25:296:84":74,"f:296:45:296:50":12,"s:296:56:296:81":75,"b:298:4:304:Infinity:undefined:undefined:undefined:undefined":22,"s:298:4:304:Infinity":76,"s:299:6:304:Infinity":77,"s:307:21:307:36":78,"s:308:24:311:Infinity":79,"f:310:9:310:17":13,"s:310:23:310:72":80,"b:310:23:310:38:310:42:310:72":23,"f:311:9:311:14":14,"s:311:20:311:42":81,"s:314:20:314:67":82,"f:314:33:314:41":15,"s:314:47:314:66":83,"b:315:4:316:Infinity:undefined:undefined:undefined:undefined":24,"s:315:4:316:Infinity":84,"s:316:6:316:Infinity":85,"s:318:4:323:Infinity":86,"f:322:30:322:35":16,"s:322:41:322:56":87,"s:327:43:365:Infinity":88,"f:330:2:330:8":17,"s:331:20:331:Infinity":89,"b:332:4:338:Infinity:undefined:undefined:undefined:undefined":25,"s:332:4:338:Infinity":90,"s:333:6:338:Infinity":91,"s:342:31:342:Infinity":92,"s:343:24:343:85":93,"f:343:44:343:52":18,"s:343:58:343:84":94,"b:345:4:351:Infinity:undefined:undefined:undefined:undefined":26,"s:345:4:351:Infinity":95,"s:346:6:351:Infinity":96,"s:354:24:354:67":97,"f:354:36:354:43":19,"s:354:49:354:66":98,"b:355:4:356:Infinity:undefined:undefined:undefined:undefined":27,"s:355:4:356:Infinity":99,"s:356:6:356:Infinity":100,"s:358:4:363:Infinity":101,"s:367:37:379:Infinity":102,"f:370:2:370:8":20,"s:372:4:377:Infinity":103,"s:381:42:409:Infinity":104,"f:384:2:384:8":21,"s:385:16:385:Infinity":105,"b:386:4:392:Infinity:undefined:undefined:undefined:undefined":28,"s:386:4:392:Infinity":106,"s:387:6:392:Infinity":107,"b:394:4:400:Infinity:undefined:undefined:undefined:undefined":29,"s:394:4:400:Infinity":108,"s:395:6:400:Infinity":109,"s:402:4:407:Infinity":110,"s:413:46:428:Infinity":111,"f:432:16:432:39":22,"s:433:17:433:41":112,"s:434:2:441:Infinity":113,"b:435:4:441:Infinity:undefined:undefined:undefined:undefined":30,"s:435:4:441:Infinity":114,"s:436:6:441:Infinity":115,"s:444:2:444:Infinity":116,"f:449:16:449:25":23,"s:450:2:450:Infinity":117,"f:450:24:450:29":24,"s:450:38:450:53":118,"f:455:22:455:Infinity":25,"b:457:13:457:Infinity":31,"s:459:24:468:Infinity":119,"s:470:18:470:Infinity":120,"s:471:44:471:46":121,"s:473:2:478:Infinity":122,"s:474:4:478:Infinity":123,"s:475:22:475:76":124,"s:476:6:476:Infinity":125,"s:477:6:477:Infinity":126,"b:483:2:489:Infinity:undefined:undefined:undefined:undefined":32,"s:483:2:489:Infinity":127,"s:484:4:489:Infinity":128,"b:492:2:502:Infinity:undefined:undefined:undefined:undefined":33,"s:492:2:502:Infinity":129,"s:493:22:496:17":130,"f:494:7:494:13":26,"s:494:30:494:36":131,"f:495:7:495:12":27,"s:495:29:495:54":132,"s:497:4:502:Infinity":133,"s:505:16:505:56":134,"b:506:2:512:Infinity:undefined:undefined:undefined:undefined":34,"s:506:2:512:Infinity":135,"s:507:4:512:Infinity":136,"s:515:2:520:Infinity":137}}}
}
